{"contracts/VendigMachine.sol":{"l":{"14":3,"15":3,"20":1,"21":1,"26":1,"27":1,"28":1,"29":1,"30":1},"path":"/Users/hyunkicho/git/blockchain101/basics/tutorial_hardhat/contracts/VendigMachine.sol","s":{"1":1,"2":1,"3":1,"4":1},"b":{"1":[1,0],"2":[1,0],"3":[1,0]},"f":{"1":3,"2":1,"3":1},"fnMap":{"1":{"name":"constructor","line":13,"loc":{"start":{"line":13,"column":4},"end":{"line":16,"column":4}}},"2":{"name":"refill","line":19,"loc":{"start":{"line":19,"column":4},"end":{"line":22,"column":4}}},"3":{"name":"purchase","line":25,"loc":{"start":{"line":25,"column":4},"end":{"line":31,"column":4}}}},"statementMap":{"1":{"start":{"line":20,"column":8},"end":{"line":20,"column":65}},"2":{"start":{"line":26,"column":8},"end":{"line":26,"column":88}},"3":{"start":{"line":27,"column":8},"end":{"line":27,"column":114}},"4":{"start":{"line":30,"column":8},"end":{"line":30,"column":41}}},"branchMap":{"1":{"line":20,"type":"if","locations":[{"start":{"line":20,"column":8},"end":{"line":20,"column":8}},{"start":{"line":20,"column":8},"end":{"line":20,"column":8}}]},"2":{"line":26,"type":"if","locations":[{"start":{"line":26,"column":8},"end":{"line":26,"column":8}},{"start":{"line":26,"column":8},"end":{"line":26,"column":8}}]},"3":{"line":27,"type":"if","locations":[{"start":{"line":27,"column":8},"end":{"line":27,"column":8}},{"start":{"line":27,"column":8},"end":{"line":27,"column":8}}]}}}}